Wed Aug 15 2018 19:24:36 GMT-0230 (NDT) GET /
Wed Aug 15 2018 19:25:03 GMT-0230 (NDT) GET /
Wed Aug 15 2018 19:25:04 GMT-0230 (NDT) GET /favicon.ico
Wed Aug 15 2018 19:41:04 GMT-0230 (NDT) GET /
Wed Aug 15 2018 19:41:06 GMT-0230 (NDT) GET /
Wed Aug 15 2018 19:43:02 GMT-0230 (NDT) GET /
Wed Aug 15 2018 19:43:03 GMT-0230 (NDT) GET /
Wed Aug 15 2018 19:43:24 GMT-0230 (NDT) GET /
Wed Aug 15 2018 19:44:27 GMT-0230 (NDT) GET /
Wed Aug 15 2018 19:45:05 GMT-0230 (NDT) GET /
Wed Aug 15 2018 19:45:28 GMT-0230 (NDT) GET /
Wed Aug 15 2018 19:45:28 GMT-0230 (NDT) GET /assets/style.css
Wed Aug 15 2018 19:45:37 GMT-0230 (NDT) GET /assets/style.css
Wed Aug 15 2018 19:46:37 GMT-0230 (NDT) GET /
Wed Aug 15 2018 19:46:37 GMT-0230 (NDT) GET /assets/style.css
Wed Aug 15 2018 19:46:59 GMT-0230 (NDT) GET /
Wed Aug 15 2018 19:47:00 GMT-0230 (NDT) GET /assets/style.css
Wed Aug 15 2018 19:56:43 GMT-0230 (NDT) GET /
Wed Aug 15 2018 19:57:15 GMT-0230 (NDT) GET /
Wed Aug 15 2018 19:57:22 GMT-0230 (NDT) GET /
Wed Aug 15 2018 20:02:46 GMT-0230 (NDT) GET /
Wed Aug 15 2018 20:02:58 GMT-0230 (NDT) GET /
Wed Aug 15 2018 20:04:25 GMT-0230 (NDT) GET /
Wed Aug 15 2018 20:05:01 GMT-0230 (NDT) GET /
Wed Aug 15 2018 20:05:01 GMT-0230 (NDT) GET /assets/style.css
Wed Aug 15 2018 20:05:05 GMT-0230 (NDT) GET /about
Wed Aug 15 2018 20:05:45 GMT-0230 (NDT) GET /assets/style.css
Wed Aug 15 2018 20:06:02 GMT-0230 (NDT) GET /
Wed Aug 15 2018 20:06:02 GMT-0230 (NDT) GET /assets/style.css
Wed Aug 15 2018 20:06:13 GMT-0230 (NDT) GET /assets/style.css
Wed Aug 15 2018 20:18:57 GMT-0230 (NDT) GET /
Wed Aug 15 2018 20:19:32 GMT-0230 (NDT) GET /
Wed Aug 15 2018 20:20:05 GMT-0230 (NDT) GET /
Wed Aug 15 2018 20:20:39 GMT-0230 (NDT) GET /
Wed Aug 15 2018 20:20:48 GMT-0230 (NDT) GET /
Wed Aug 15 2018 20:21:00 GMT-0230 (NDT) GET /
Wed Aug 15 2018 20:21:07 GMT-0230 (NDT) GET /
Wed Aug 15 2018 20:21:38 GMT-0230 (NDT) GET /
Wed Aug 15 2018 20:23:51 GMT-0230 (NDT) GET /
Wed Aug 15 2018 20:23:53 GMT-0230 (NDT) GET /controller
